<?xml version="1.0" encoding="UTF-8" ?>
<testsuite failures="0" time="0.114" errors="1" skipped="0" tests="3" name="ParkingManagerTest">
  <properties>
    <property name="java.runtime.name" value="Java(TM) SE Runtime Environment"/>
    <property name="sun.boot.library.path" value="/Library/Java/JavaVirtualMachines/jdk1.7.0_25.jdk/Contents/Home/jre/lib"/>
    <property name="java.vm.version" value="23.25-b01"/>
    <property name="user.country.format" value="CN"/>
    <property name="gopherProxySet" value="false"/>
    <property name="java.vm.vendor" value="Oracle Corporation"/>
    <property name="java.vendor.url" value="http://java.oracle.com/"/>
    <property name="path.separator" value=":"/>
    <property name="java.vm.name" value="Java HotSpot(TM) 64-Bit Server VM"/>
    <property name="file.encoding.pkg" value="sun.io"/>
    <property name="user.country" value="US"/>
    <property name="sun.java.launcher" value="SUN_STANDARD"/>
    <property name="sun.os.patch.level" value="unknown"/>
    <property name="java.vm.specification.name" value="Java Virtual Machine Specification"/>
    <property name="user.dir" value="/Users/twer/Downloads/java/SelfTest"/>
    <property name="java.runtime.version" value="1.7.0_25-b15"/>
    <property name="java.awt.graphicsenv" value="sun.awt.CGraphicsEnvironment"/>
    <property name="basedir" value="/Users/twer/Downloads/java/SelfTest"/>
    <property name="java.endorsed.dirs" value="/Library/Java/JavaVirtualMachines/jdk1.7.0_25.jdk/Contents/Home/jre/lib/endorsed"/>
    <property name="os.arch" value="x86_64"/>
    <property name="surefire.real.class.path" value="/Users/twer/Downloads/java/SelfTest/target/surefire/surefirebooter3190227405779316687.jar"/>
    <property name="java.io.tmpdir" value="/var/folders/gv/m43y5g9x1xdc9f2kc2p0kpz00000gn/T/"/>
    <property name="line.separator" value="
"/>
    <property name="java.vm.specification.vendor" value="Oracle Corporation"/>
    <property name="os.name" value="Mac OS X"/>
    <property name="sun.jnu.encoding" value="UTF-8"/>
    <property name="java.library.path" value="/Users/twer/Library/Java/Extensions:/Library/Java/Extensions:/Network/Library/Java/Extensions:/System/Library/Java/Extensions:/usr/lib/java:."/>
    <property name="surefire.test.class.path" value="/Users/twer/Downloads/java/SelfTest/target/test-classes:/Users/twer/Downloads/java/SelfTest/target/classes:/Users/twer/.m2/repository/com/google/guava/guava/14.0/guava-14.0.jar:/Users/twer/.m2/repository/junit/junit/4.8.2/junit-4.8.2.jar:/Users/twer/.m2/repository/org/mockito/mockito-all/1.9.5/mockito-all-1.9.5.jar:/Users/twer/.m2/repository/com/telstra/client/eBPMClient/1.3/eBPMClient-1.3.jar:"/>
    <property name="java.specification.name" value="Java Platform API Specification"/>
    <property name="java.class.version" value="51.0"/>
    <property name="sun.management.compiler" value="HotSpot 64-Bit Tiered Compilers"/>
    <property name="os.version" value="10.8"/>
    <property name="user.home" value="/Users/twer"/>
    <property name="user.timezone" value="Australia/Melbourne"/>
    <property name="java.awt.printerjob" value="sun.lwawt.macosx.CPrinterJob"/>
    <property name="java.specification.version" value="1.7"/>
    <property name="file.encoding" value="UTF-8"/>
    <property name="user.name" value="twer"/>
    <property name="java.class.path" value="/Users/twer/Downloads/java/SelfTest/target/test-classes:/Users/twer/Downloads/java/SelfTest/target/classes:/Users/twer/.m2/repository/com/google/guava/guava/14.0/guava-14.0.jar:/Users/twer/.m2/repository/junit/junit/4.8.2/junit-4.8.2.jar:/Users/twer/.m2/repository/org/mockito/mockito-all/1.9.5/mockito-all-1.9.5.jar:/Users/twer/.m2/repository/com/telstra/client/eBPMClient/1.3/eBPMClient-1.3.jar:"/>
    <property name="java.vm.specification.version" value="1.7"/>
    <property name="sun.arch.data.model" value="64"/>
    <property name="java.home" value="/Library/Java/JavaVirtualMachines/jdk1.7.0_25.jdk/Contents/Home/jre"/>
    <property name="sun.java.command" value="/Users/twer/Downloads/java/SelfTest/target/surefire/surefirebooter3190227405779316687.jar /Users/twer/Downloads/java/SelfTest/target/surefire/surefire8126616729006245515tmp /Users/twer/Downloads/java/SelfTest/target/surefire/surefire4485673512534331226tmp"/>
    <property name="java.specification.vendor" value="Oracle Corporation"/>
    <property name="user.language" value="en"/>
    <property name="awt.toolkit" value="sun.lwawt.macosx.LWCToolkit"/>
    <property name="java.vm.info" value="mixed mode"/>
    <property name="java.version" value="1.7.0_25"/>
    <property name="java.ext.dirs" value="/Users/twer/Library/Java/Extensions:/Library/Java/JavaVirtualMachines/jdk1.7.0_25.jdk/Contents/Home/jre/lib/ext:/Library/Java/Extensions:/Network/Library/Java/Extensions:/System/Library/Java/Extensions:/usr/lib/java"/>
    <property name="sun.boot.class.path" value="/Library/Java/JavaVirtualMachines/jdk1.7.0_25.jdk/Contents/Home/jre/lib/resources.jar:/Library/Java/JavaVirtualMachines/jdk1.7.0_25.jdk/Contents/Home/jre/lib/rt.jar:/Library/Java/JavaVirtualMachines/jdk1.7.0_25.jdk/Contents/Home/jre/lib/sunrsasign.jar:/Library/Java/JavaVirtualMachines/jdk1.7.0_25.jdk/Contents/Home/jre/lib/jsse.jar:/Library/Java/JavaVirtualMachines/jdk1.7.0_25.jdk/Contents/Home/jre/lib/jce.jar:/Library/Java/JavaVirtualMachines/jdk1.7.0_25.jdk/Contents/Home/jre/lib/charsets.jar:/Library/Java/JavaVirtualMachines/jdk1.7.0_25.jdk/Contents/Home/jre/lib/jfr.jar:/Library/Java/JavaVirtualMachines/jdk1.7.0_25.jdk/Contents/Home/jre/lib/JObjC.jar:/Library/Java/JavaVirtualMachines/jdk1.7.0_25.jdk/Contents/Home/jre/classes"/>
    <property name="java.vendor" value="Oracle Corporation"/>
    <property name="localRepository" value="/Users/twer/.m2/repository"/>
    <property name="file.separator" value="/"/>
    <property name="java.vendor.url.bug" value="http://bugreport.sun.com/bugreport/"/>
    <property name="sun.cpu.endian" value="little"/>
    <property name="sun.io.unicode.encoding" value="UnicodeBig"/>
    <property name="sun.cpu.isalist" value=""/>
  </properties>
  <testcase time="0" classname="ParkingManagerTest" name="should_park_car_by_parking_boy"/>
  <testcase time="0" classname="ParkingManagerTest" name="should_park_car_by_own_parking_lot"/>
  <testcase time="0.111" classname="ParkingManagerTest" name="should_use_webservice_correctly">
    <error message="Failed to access the WSDL at: file:/Users/twer/Downloads/java/SelfTest/wsdl/ebpm/OnlineShopNBNOrder.wsdl. It failed with: 
	Got /Users/twer/Downloads/java/SelfTest/wsdl/ebpm/OnlineShopNBNOrder.wsdl (No such file or directory) while opening stream from file:/Users/twer/Downloads/java/SelfTest/wsdl/ebpm/OnlineShopNBNOrder.wsdl." type="javax.xml.ws.WebServiceException">javax.xml.ws.WebServiceException: Failed to access the WSDL at: file:/Users/twer/Downloads/java/SelfTest/wsdl/ebpm/OnlineShopNBNOrder.wsdl. It failed with: 
	Got /Users/twer/Downloads/java/SelfTest/wsdl/ebpm/OnlineShopNBNOrder.wsdl (No such file or directory) while opening stream from file:/Users/twer/Downloads/java/SelfTest/wsdl/ebpm/OnlineShopNBNOrder.wsdl.
	at com.sun.xml.internal.ws.wsdl.parser.RuntimeWSDLParser.tryWithMex(RuntimeWSDLParser.java:173)
	at com.sun.xml.internal.ws.wsdl.parser.RuntimeWSDLParser.parse(RuntimeWSDLParser.java:155)
	at com.sun.xml.internal.ws.wsdl.parser.RuntimeWSDLParser.parse(RuntimeWSDLParser.java:120)
	at com.sun.xml.internal.ws.client.WSServiceDelegate.parseWSDL(WSServiceDelegate.java:257)
	at com.sun.xml.internal.ws.client.WSServiceDelegate.&lt;init&gt;(WSServiceDelegate.java:220)
	at com.sun.xml.internal.ws.client.WSServiceDelegate.&lt;init&gt;(WSServiceDelegate.java:168)
	at com.sun.xml.internal.ws.spi.ProviderImpl.createServiceDelegate(ProviderImpl.java:96)
	at javax.xml.ws.Service.&lt;init&gt;(Service.java:77)
	at pegarules.soap.nbnamtcom.onlineshopnbnorder.OnlineShopNBNOrderService.&lt;init&gt;(OnlineShopNBNOrderService.java:46)
	at ParkingManagerTest.should_use_webservice_correctly(ParkingManagerTest.java:59)
	at sun.reflect.NativeMethodAccessorImpl.invoke0(Native Method)
	at sun.reflect.NativeMethodAccessorImpl.invoke(NativeMethodAccessorImpl.java:57)
	at sun.reflect.DelegatingMethodAccessorImpl.invoke(DelegatingMethodAccessorImpl.java:43)
	at java.lang.reflect.Method.invoke(Method.java:606)
	at org.junit.runners.model.FrameworkMethod$1.runReflectiveCall(FrameworkMethod.java:44)
	at org.junit.internal.runners.model.ReflectiveCallable.run(ReflectiveCallable.java:15)
	at org.junit.runners.model.FrameworkMethod.invokeExplosively(FrameworkMethod.java:41)
	at org.junit.internal.runners.statements.InvokeMethod.evaluate(InvokeMethod.java:20)
	at org.junit.runners.BlockJUnit4ClassRunner.runNotIgnored(BlockJUnit4ClassRunner.java:79)
	at org.junit.runners.BlockJUnit4ClassRunner.runChild(BlockJUnit4ClassRunner.java:71)
	at org.junit.runners.BlockJUnit4ClassRunner.runChild(BlockJUnit4ClassRunner.java:49)
	at org.junit.runners.ParentRunner$3.run(ParentRunner.java:193)
	at org.junit.runners.ParentRunner$1.schedule(ParentRunner.java:52)
	at org.junit.runners.ParentRunner.runChildren(ParentRunner.java:191)
	at org.junit.runners.ParentRunner.access$000(ParentRunner.java:42)
	at org.junit.runners.ParentRunner$2.evaluate(ParentRunner.java:184)
	at org.junit.runners.ParentRunner.run(ParentRunner.java:236)
	at org.apache.maven.surefire.junit4.JUnit4TestSet.execute(JUnit4TestSet.java:35)
	at org.apache.maven.surefire.junit4.JUnit4Provider.executeTestSet(JUnit4Provider.java:115)
	at org.apache.maven.surefire.junit4.JUnit4Provider.invoke(JUnit4Provider.java:97)
	at sun.reflect.NativeMethodAccessorImpl.invoke0(Native Method)
	at sun.reflect.NativeMethodAccessorImpl.invoke(NativeMethodAccessorImpl.java:57)
	at sun.reflect.DelegatingMethodAccessorImpl.invoke(DelegatingMethodAccessorImpl.java:43)
	at java.lang.reflect.Method.invoke(Method.java:606)
	at org.apache.maven.surefire.booter.ProviderFactory$ClassLoaderProxy.invoke(ProviderFactory.java:103)
	at com.sun.proxy.$Proxy0.invoke(Unknown Source)
	at org.apache.maven.surefire.booter.SurefireStarter.invokeProvider(SurefireStarter.java:150)
	at org.apache.maven.surefire.booter.SurefireStarter.runSuitesInProcess(SurefireStarter.java:91)
	at org.apache.maven.surefire.booter.ForkedBooter.main(ForkedBooter.java:69)
Caused by: java.io.IOException: Got /Users/twer/Downloads/java/SelfTest/wsdl/ebpm/OnlineShopNBNOrder.wsdl (No such file or directory) while opening stream from file:/Users/twer/Downloads/java/SelfTest/wsdl/ebpm/OnlineShopNBNOrder.wsdl
	at com.sun.xml.internal.ws.wsdl.parser.RuntimeWSDLParser.createReader(RuntimeWSDLParser.java:842)
	at com.sun.xml.internal.ws.wsdl.parser.RuntimeWSDLParser.resolveWSDL(RuntimeWSDLParser.java:283)
	at com.sun.xml.internal.ws.wsdl.parser.RuntimeWSDLParser.parse(RuntimeWSDLParser.java:140)
	... 37 more
Caused by: java.io.FileNotFoundException: /Users/twer/Downloads/java/SelfTest/wsdl/ebpm/OnlineShopNBNOrder.wsdl (No such file or directory)
	at java.io.FileInputStream.open(Native Method)
	at java.io.FileInputStream.&lt;init&gt;(FileInputStream.java:138)
	at java.io.FileInputStream.&lt;init&gt;(FileInputStream.java:97)
	at sun.net.www.protocol.file.FileURLConnection.connect(FileURLConnection.java:90)
	at sun.net.www.protocol.file.FileURLConnection.getInputStream(FileURLConnection.java:188)
	at java.net.URL.openStream(URL.java:1037)
	at com.sun.xml.internal.ws.wsdl.parser.RuntimeWSDLParser.createReader(RuntimeWSDLParser.java:827)
	... 39 more
</error>
    <system-err>Nov 03, 2013 8:33:08 PM pegarules.soap.nbnamtcom.onlineshopnbnorder.OnlineShopNBNOrderService &lt;clinit&gt;
WARNING: Failed to create URL for the wsdl Location: &apos;wsdl/ebpm/OnlineShopNBNOrder.wsdl&apos;, retrying as a local file
Nov 03, 2013 8:33:08 PM pegarules.soap.nbnamtcom.onlineshopnbnorder.OnlineShopNBNOrderService &lt;clinit&gt;
WARNING: no protocol: wsdl/ebpm/OnlineShopNBNOrder.wsdl
</system-err>
  </testcase>
</testsuite>